<?xml version="1.0" encoding="UTF-8"?>
<testsuites name="Git Test Suite" time="68" tests="1" failures="0" errors="1">
   <testsuite name="Git Test Suite" tests="1" failures="0" errors="1" time="68" timestamp="2020-02-23 16:21:09" hostname="maste - Emmanuel25" id="Test Suites/Git Test Suite">
      <properties>
         <property name="deviceName" value=""/>
         <property name="devicePlatform" value=""/>
         <property name="logFolder" value="C:\\Users\\maste\\git\\KatalonGitTest\\Reports\\Git Test Suite\\20200223_162049"/>
         <property name="logFiles" value="C:\\Users\\maste\\git\\KatalonGitTest\\Reports\\Git Test Suite\\20200223_162049\\execution0.log"/>
         <property name="attachments" value=""/>
         <property name="hostName" value="maste - Emmanuel25"/>
         <property name="os" value="Windows 10 64bit"/>
         <property name="katalonVersion" value="6.0.6.4"/>
         <property name="browser" value="Chrome 80.0.3987.116"/>
         <property name="hostAddress" value="192.168.56.1"/>
         <property name="sessionId" value="2ee832a8b4b7a988fb18b261f02cbca3"/>
         <property name="seleniumVersion" value="3.7.1"/>
         <property name="proxyInformation" value="ProxyInformation{proxyOption=NO_PROXY, proxyServerType=HTTP, password=, proxyServerAddress=, proxyServerPort=0}"/>
         <property name="platform" value="Windows 10"/>
      </properties>
      <testcase name="Test Cases/Kim TC" classname="Test Cases/Kim TC" status="ERROR">
         <error type="ERROR" message="Test Cases/Kim TC FAILED.
Reason:
groovy.lang.MissingPropertyException: No such property: Keys for class: Script1582484398272
	at Kim TC.run(Kim TC:27)
	at com.kms.katalon.core.main.ScriptEngine.run(ScriptEngine.java:194)
	at com.kms.katalon.core.main.ScriptEngine.runScriptAsRawText(ScriptEngine.java:119)
	at com.kms.katalon.core.main.TestCaseExecutor.runScript(TestCaseExecutor.java:331)
	at com.kms.katalon.core.main.TestCaseExecutor.doExecute(TestCaseExecutor.java:322)
	at com.kms.katalon.core.main.TestCaseExecutor.processExecutionPhase(TestCaseExecutor.java:301)
	at com.kms.katalon.core.main.TestCaseExecutor.accessMainPhase(TestCaseExecutor.java:293)
	at com.kms.katalon.core.main.TestCaseExecutor.execute(TestCaseExecutor.java:227)
	at com.kms.katalon.core.main.TestSuiteExecutor.accessTestCaseMainPhase(TestSuiteExecutor.java:129)
	at com.kms.katalon.core.main.TestSuiteExecutor.accessTestSuiteMainPhase(TestSuiteExecutor.java:112)
	at com.kms.katalon.core.main.TestSuiteExecutor.execute(TestSuiteExecutor.java:81)
	at com.kms.katalon.core.main.TestCaseMain.startTestSuite(TestCaseMain.java:157)
	at com.kms.katalon.core.main.TestCaseMain$startTestSuite$0.call(Unknown Source)
	at TempTestSuite1582489253924.run(TempTestSuite1582489253924.groovy:35)
"/>
         <system-out><![CDATA[2020-02-23 16:21:11 - [TEST_CASE][ERROR] - Test Cases/Kim TC: Test Cases/Kim TC FAILED.
Reason:
groovy.lang.MissingPropertyException: No such property: Keys for class: Script1582484398272
	at Kim TC.run(Kim TC:27)
	at com.kms.katalon.core.main.ScriptEngine.run(ScriptEngine.java:194)
	at com.kms.katalon.core.main.ScriptEngine.runScriptAsRawText(ScriptEngine.java:119)
	at com.kms.katalon.core.main.TestCaseExecutor.runScript(TestCaseExecutor.java:331)
	at com.kms.katalon.core.main.TestCaseExecutor.doExecute(TestCaseExecutor.java:322)
	at com.kms.katalon.core.main.TestCaseExecutor.processExecutionPhase(TestCaseExecutor.java:301)
	at com.kms.katalon.core.main.TestCaseExecutor.accessMainPhase(TestCaseExecutor.java:293)
	at com.kms.katalon.core.main.TestCaseExecutor.execute(TestCaseExecutor.java:227)
	at com.kms.katalon.core.main.TestSuiteExecutor.accessTestCaseMainPhase(TestSuiteExecutor.java:129)
	at com.kms.katalon.core.main.TestSuiteExecutor.accessTestSuiteMainPhase(TestSuiteExecutor.java:112)
	at com.kms.katalon.core.main.TestSuiteExecutor.execute(TestSuiteExecutor.java:81)
	at com.kms.katalon.core.main.TestCaseMain.startTestSuite(TestCaseMain.java:157)
	at com.kms.katalon.core.main.TestCaseMain$startTestSuite$0.call(Unknown Source)
	at TempTestSuite1582489253924.run(TempTestSuite1582489253924.groovy:35)


2020-02-23 16:21:13 - [TEST_STEP][PASSED] - openBrowser(""): Browser is opened with url: ''

2020-02-23 16:21:15 - [MESSAGE][INFO] - Starting 'Chrome' driver

2020-02-23 16:21:17 - [MESSAGE][INFO] - Action delay is set to 0 seconds

2020-02-23 16:21:34 - [MESSAGE][PASSED] - Browser is opened with url: ''

2020-02-23 16:21:34 - [TEST_STEP][PASSED] - navigateToUrl("http://training.openspan.com/login"): Navigate to 'http://training.openspan.com/login' successfully

2020-02-23 16:21:38 - [MESSAGE][PASSED] - Navigate to 'http://training.openspan.com/login' successfully

2020-02-23 16:21:38 - [TEST_STEP][PASSED] - setText(findTestObject("Object Repository/Login/Page_Sign In  Pega Studio Training Web Application/input_Please enter a user name of at least 4 characters_user_name"), "Emmanuel"): Text 'Emmanuel' is set on object 'Object Repository/Login/Page_Sign In  Pega Studio Training Web Application/input_Please enter a user name of at least 4 characters_user_name'

2020-02-23 16:21:39 - [MESSAGE][PASSED] - Text 'Emmanuel' is set on object 'Object Repository/Login/Page_Sign In  Pega Studio Training Web Application/input_Please enter a user name of at least 4 characters_user_name'

2020-02-23 16:21:39 - [TEST_STEP][PASSED] - setEncryptedText(findTestObject("Object Repository/Login/Page_Sign In  Pega Studio Training Web Application/input_Please enter a password of at least 4 characters_user_pass"), "1XZoPq4kDiISqWkbUw207A=="): Text ****** has been set on object 'Object Repository/Login/Page_Sign In  Pega Studio Training Web Application/input_Please enter a password of at least 4 characters_user_pass'

2020-02-23 16:21:41 - [MESSAGE][PASSED] - Text ****** has been set on object 'Object Repository/Login/Page_Sign In  Pega Studio Training Web Application/input_Please enter a password of at least 4 characters_user_pass'

2020-02-23 16:21:41 - [TEST_STEP][ERROR] - sendKeys(findTestObject("Object Repository/Login/Page_Sign In  Pega Studio Training Web Application/input_Please enter a password of at least 4 characters_user_pass"), Keys.chord(ENTER)): sendKeys(findTestObject("Object Repository/Login/Page_Sign In  Pega Studio Training Web Application/input_Please enter a password of at least 4 characters_user_pass"), Keys.chord(ENTER)) FAILED.
Reason:
groovy.lang.MissingPropertyException: No such property: Keys for class: Script1582484398272
	at Kim TC.run(Kim TC:27)
	at com.kms.katalon.core.main.ScriptEngine.run(ScriptEngine.java:194)
	at com.kms.katalon.core.main.ScriptEngine.runScriptAsRawText(ScriptEngine.java:119)
	at com.kms.katalon.core.main.TestCaseExecutor.runScript(TestCaseExecutor.java:331)
	at com.kms.katalon.core.main.TestCaseExecutor.doExecute(TestCaseExecutor.java:322)
	at com.kms.katalon.core.main.TestCaseExecutor.processExecutionPhase(TestCaseExecutor.java:301)
	at com.kms.katalon.core.main.TestCaseExecutor.accessMainPhase(TestCaseExecutor.java:293)
	at com.kms.katalon.core.main.TestCaseExecutor.execute(TestCaseExecutor.java:227)
	at com.kms.katalon.core.main.TestSuiteExecutor.accessTestCaseMainPhase(TestSuiteExecutor.java:129)
	at com.kms.katalon.core.main.TestSuiteExecutor.accessTestSuiteMainPhase(TestSuiteExecutor.java:112)
	at com.kms.katalon.core.main.TestSuiteExecutor.execute(TestSuiteExecutor.java:81)
	at com.kms.katalon.core.main.TestCaseMain.startTestSuite(TestCaseMain.java:157)
	at com.kms.katalon.core.main.TestCaseMain$startTestSuite$0.call(Unknown Source)
	at TempTestSuite1582489253924.run(TempTestSuite1582489253924.groovy:35)


2020-02-23 16:21:41 - [MESSAGE][ERROR] - sendKeys(findTestObject("Object Repository/Login/Page_Sign In  Pega Studio Training Web Application/input_Please enter a password of at least 4 characters_user_pass"), Keys.chord(ENTER)) FAILED.
Reason:
groovy.lang.MissingPropertyException: No such property: Keys for class: Script1582484398272
	at Kim TC.run(Kim TC:27)
	at com.kms.katalon.core.main.ScriptEngine.run(ScriptEngine.java:194)
	at com.kms.katalon.core.main.ScriptEngine.runScriptAsRawText(ScriptEngine.java:119)
	at com.kms.katalon.core.main.TestCaseExecutor.runScript(TestCaseExecutor.java:331)
	at com.kms.katalon.core.main.TestCaseExecutor.doExecute(TestCaseExecutor.java:322)
	at com.kms.katalon.core.main.TestCaseExecutor.processExecutionPhase(TestCaseExecutor.java:301)
	at com.kms.katalon.core.main.TestCaseExecutor.accessMainPhase(TestCaseExecutor.java:293)
	at com.kms.katalon.core.main.TestCaseExecutor.execute(TestCaseExecutor.java:227)
	at com.kms.katalon.core.main.TestSuiteExecutor.accessTestCaseMainPhase(TestSuiteExecutor.java:129)
	at com.kms.katalon.core.main.TestSuiteExecutor.accessTestSuiteMainPhase(TestSuiteExecutor.java:112)
	at com.kms.katalon.core.main.TestSuiteExecutor.execute(TestSuiteExecutor.java:81)
	at com.kms.katalon.core.main.TestCaseMain.startTestSuite(TestCaseMain.java:157)
	at com.kms.katalon.core.main.TestCaseMain$startTestSuite$0.call(Unknown Source)
	at TempTestSuite1582489253924.run(TempTestSuite1582489253924.groovy:35)]]></system-out>
         <system-err><![CDATA[2020-02-23 16:21:11 - [TEST_CASE][ERROR] - Test Cases/Kim TC: Test Cases/Kim TC FAILED.
Reason:
groovy.lang.MissingPropertyException: No such property: Keys for class: Script1582484398272
	at Kim TC.run(Kim TC:27)
	at com.kms.katalon.core.main.ScriptEngine.run(ScriptEngine.java:194)
	at com.kms.katalon.core.main.ScriptEngine.runScriptAsRawText(ScriptEngine.java:119)
	at com.kms.katalon.core.main.TestCaseExecutor.runScript(TestCaseExecutor.java:331)
	at com.kms.katalon.core.main.TestCaseExecutor.doExecute(TestCaseExecutor.java:322)
	at com.kms.katalon.core.main.TestCaseExecutor.processExecutionPhase(TestCaseExecutor.java:301)
	at com.kms.katalon.core.main.TestCaseExecutor.accessMainPhase(TestCaseExecutor.java:293)
	at com.kms.katalon.core.main.TestCaseExecutor.execute(TestCaseExecutor.java:227)
	at com.kms.katalon.core.main.TestSuiteExecutor.accessTestCaseMainPhase(TestSuiteExecutor.java:129)
	at com.kms.katalon.core.main.TestSuiteExecutor.accessTestSuiteMainPhase(TestSuiteExecutor.java:112)
	at com.kms.katalon.core.main.TestSuiteExecutor.execute(TestSuiteExecutor.java:81)
	at com.kms.katalon.core.main.TestCaseMain.startTestSuite(TestCaseMain.java:157)
	at com.kms.katalon.core.main.TestCaseMain$startTestSuite$0.call(Unknown Source)
	at TempTestSuite1582489253924.run(TempTestSuite1582489253924.groovy:35)]]></system-err>
      </testcase>
      <testcase name="Test Cases/Tom TC" classname="Test Cases/Tom TC" status="PASSED">
         <system-out><![CDATA[2020-02-23 16:21:41 - [TEST_CASE][PASSED] - Test Cases/Tom TC: Test Cases/Tom TC

2020-02-23 16:21:44 - [TEST_STEP][PASSED] - openBrowser(""): Browser is opened with url: ''

2020-02-23 16:21:44 - [MESSAGE][WARNING] - A browser is already opened. Closing browser and opening a new one

2020-02-23 16:21:48 - [MESSAGE][INFO] - Starting 'Chrome' driver

2020-02-23 16:21:55 - [MESSAGE][PASSED] - Browser is opened with url: ''

2020-02-23 16:21:55 - [TEST_STEP][PASSED] - navigateToUrl("https://www.katalon.com/"): Navigate to 'https://www.katalon.com/' successfully

2020-02-23 16:22:12 - [MESSAGE][PASSED] - Navigate to 'https://www.katalon.com/' successfully

2020-02-23 16:22:12 - [TEST_STEP][PASSED] - closeBrowser(): Browser is closed

2020-02-23 16:22:17 - [MESSAGE][PASSED] - Browser is closed]]></system-out>
         <system-err><![CDATA[]]></system-err>
      </testcase>
      <system-out><![CDATA[2020-02-23 16:21:09 - [TEST_SUITE][ERROR] - Git Test Suite: Test Cases/Kim TC FAILED.
Reason:
groovy.lang.MissingPropertyException: No such property: Keys for class: Script1582484398272
	at Kim TC.run(Kim TC:27)
	at com.kms.katalon.core.main.ScriptEngine.run(ScriptEngine.java:194)
	at com.kms.katalon.core.main.ScriptEngine.runScriptAsRawText(ScriptEngine.java:119)
	at com.kms.katalon.core.main.TestCaseExecutor.runScript(TestCaseExecutor.java:331)
	at com.kms.katalon.core.main.TestCaseExecutor.doExecute(TestCaseExecutor.java:322)
	at com.kms.katalon.core.main.TestCaseExecutor.processExecutionPhase(TestCaseExecutor.java:301)
	at com.kms.katalon.core.main.TestCaseExecutor.accessMainPhase(TestCaseExecutor.java:293)
	at com.kms.katalon.core.main.TestCaseExecutor.execute(TestCaseExecutor.java:227)
	at com.kms.katalon.core.main.TestSuiteExecutor.accessTestCaseMainPhase(TestSuiteExecutor.java:129)
	at com.kms.katalon.core.main.TestSuiteExecutor.accessTestSuiteMainPhase(TestSuiteExecutor.java:112)
	at com.kms.katalon.core.main.TestSuiteExecutor.execute(TestSuiteExecutor.java:81)
	at com.kms.katalon.core.main.TestCaseMain.startTestSuite(TestCaseMain.java:157)
	at com.kms.katalon.core.main.TestCaseMain$startTestSuite$0.call(Unknown Source)
	at TempTestSuite1582489253924.run(TempTestSuite1582489253924.groovy:35)]]></system-out>
      <system-err><![CDATA[2020-02-23 16:21:09 - [TEST_SUITE][ERROR] - Git Test Suite: Test Cases/Kim TC FAILED.
Reason:
groovy.lang.MissingPropertyException: No such property: Keys for class: Script1582484398272
	at Kim TC.run(Kim TC:27)
	at com.kms.katalon.core.main.ScriptEngine.run(ScriptEngine.java:194)
	at com.kms.katalon.core.main.ScriptEngine.runScriptAsRawText(ScriptEngine.java:119)
	at com.kms.katalon.core.main.TestCaseExecutor.runScript(TestCaseExecutor.java:331)
	at com.kms.katalon.core.main.TestCaseExecutor.doExecute(TestCaseExecutor.java:322)
	at com.kms.katalon.core.main.TestCaseExecutor.processExecutionPhase(TestCaseExecutor.java:301)
	at com.kms.katalon.core.main.TestCaseExecutor.accessMainPhase(TestCaseExecutor.java:293)
	at com.kms.katalon.core.main.TestCaseExecutor.execute(TestCaseExecutor.java:227)
	at com.kms.katalon.core.main.TestSuiteExecutor.accessTestCaseMainPhase(TestSuiteExecutor.java:129)
	at com.kms.katalon.core.main.TestSuiteExecutor.accessTestSuiteMainPhase(TestSuiteExecutor.java:112)
	at com.kms.katalon.core.main.TestSuiteExecutor.execute(TestSuiteExecutor.java:81)
	at com.kms.katalon.core.main.TestCaseMain.startTestSuite(TestCaseMain.java:157)
	at com.kms.katalon.core.main.TestCaseMain$startTestSuite$0.call(Unknown Source)
	at TempTestSuite1582489253924.run(TempTestSuite1582489253924.groovy:35)]]></system-err>
   </testsuite>
</testsuites>
